{
  "stats": {
    "suites": 1,
    "tests": 2,
    "passes": 2,
    "pending": 0,
    "failures": 0,
    "start": "2022-11-13T10:38:40.141Z",
    "end": "2022-11-13T10:38:40.889Z",
    "duration": 748,
    "testsRegistered": 2,
    "passPercent": 100,
    "pendingPercent": 0,
    "other": 0,
    "hasOther": false,
    "skipped": 0,
    "hasSkipped": false
  },
  "results": [
    {
      "uuid": "0bf11fa5-6c50-4ff2-9e88-e0a619ae7d6e",
      "title": "",
      "fullFile": "/Users/Hayk_Margaryan1/dev/ATM Basic self study/axios/specs/test.spec.js",
      "file": "/specs/test.spec.js",
      "beforeHooks": [],
      "afterHooks": [],
      "tests": [],
      "suites": [
        {
          "uuid": "8f26cb38-ce59-4616-8fa6-47665a99cad0",
          "title": "API Test Suite",
          "fullFile": "/Users/Hayk_Margaryan1/dev/ATM Basic self study/axios/specs/test.spec.js",
          "file": "/specs/test.spec.js",
          "beforeHooks": [],
          "afterHooks": [],
          "tests": [
            {
              "title": "GET post/1 ",
              "fullTitle": "API Test Suite GET post/1 ",
              "timedOut": false,
              "duration": 302,
              "state": "passed",
              "speed": "slow",
              "pass": true,
              "fail": false,
              "pending": false,
              "context": null,
              "code": "const response = await sendRequest(\"posts/1\")\nexpect(response.data.userId).to.equal(1);\nexpect(response.status).to.equal(200);",
              "err": {},
              "uuid": "f1208475-985c-4547-b65b-87f624076d1a",
              "parentUUID": "8f26cb38-ce59-4616-8fa6-47665a99cad0",
              "isHook": false,
              "skipped": false
            },
            {
              "title": "POST posts ",
              "fullTitle": "API Test Suite POST posts ",
              "timedOut": false,
              "duration": 442,
              "state": "passed",
              "speed": "slow",
              "pass": true,
              "fail": false,
              "pending": false,
              "context": null,
              "code": "const response = await sendRequest(\"posts\", testData, \"post\");\nexpect(response.status).to.equal(201);",
              "err": {},
              "uuid": "036e0785-5965-42b1-8715-6176e54995e7",
              "parentUUID": "8f26cb38-ce59-4616-8fa6-47665a99cad0",
              "isHook": false,
              "skipped": false
            }
          ],
          "suites": [],
          "passes": [
            "f1208475-985c-4547-b65b-87f624076d1a",
            "036e0785-5965-42b1-8715-6176e54995e7"
          ],
          "failures": [],
          "pending": [],
          "skipped": [],
          "duration": 744,
          "root": false,
          "rootEmpty": false,
          "_timeout": 2000
        }
      ],
      "passes": [],
      "failures": [],
      "pending": [],
      "skipped": [],
      "duration": 0,
      "root": true,
      "rootEmpty": true,
      "_timeout": 2000
    }
  ],
  "meta": {
    "mocha": {
      "version": "10.1.0"
    },
    "mochawesome": {
      "options": {
        "quiet": false,
        "reportFilename": "mochawesome",
        "saveHtml": true,
        "saveJson": true,
        "consoleReporter": "spec",
        "useInlineDiffs": false,
        "code": true
      },
      "version": "7.1.3"
    },
    "marge": {
      "options": null,
      "version": "6.2.0"
    }
  }
}